<?xml version="1.0" encoding="UTF-8"?>
<testsuite xmlns:xsi="http://www.w3.org/2001/XMLSchema-instance" xsi:noNamespaceSchemaLocation="https://maven.apache.org/surefire/maven-surefire-plugin/xsd/surefire-test-report.xsd" name="com.ecc.app.GeneratorServiceTest" time="0.167" tests="11" errors="0" skipped="0" failures="0">
  <properties>
    <property name="sun.desktop" value="gnome"/>
    <property name="awt.toolkit" value="sun.awt.X11.XToolkit"/>
    <property name="file.encoding.pkg" value="sun.io"/>
    <property name="java.specification.version" value="1.8"/>
    <property name="sun.cpu.isalist" value=""/>
    <property name="sun.jnu.encoding" value="UTF-8"/>
    <property name="java.class.path" value="/home/rfosgateii/Desktop/Programs/hibernate/hibernate/services/target/test-classes:/home/rfosgateii/Desktop/Programs/hibernate/hibernate/services/target/classes:/home/rfosgateii/.m2/repository/junit/junit/3.8.1/junit-3.8.1.jar:/home/rfosgateii/Desktop/Programs/hibernate/hibernate/models/target/classes:/home/rfosgateii/Desktop/Programs/hibernate/hibernate/utils/target/classes:/home/rfosgateii/.m2/repository/org/hibernate/hibernate-core/5.4.6.Final/hibernate-core-5.4.6.Final.jar:/home/rfosgateii/.m2/repository/org/jboss/logging/jboss-logging/3.3.2.Final/jboss-logging-3.3.2.Final.jar:/home/rfosgateii/.m2/repository/javax/persistence/javax.persistence-api/2.2/javax.persistence-api-2.2.jar:/home/rfosgateii/.m2/repository/org/javassist/javassist/3.24.0-GA/javassist-3.24.0-GA.jar:/home/rfosgateii/.m2/repository/net/bytebuddy/byte-buddy/1.9.11/byte-buddy-1.9.11.jar:/home/rfosgateii/.m2/repository/antlr/antlr/2.7.7/antlr-2.7.7.jar:/home/rfosgateii/.m2/repository/org/jboss/spec/javax/transaction/jboss-transaction-api_1.2_spec/1.1.1.Final/jboss-transaction-api_1.2_spec-1.1.1.Final.jar:/home/rfosgateii/.m2/repository/org/jboss/jandex/2.0.5.Final/jandex-2.0.5.Final.jar:/home/rfosgateii/.m2/repository/com/fasterxml/classmate/1.3.4/classmate-1.3.4.jar:/home/rfosgateii/.m2/repository/javax/activation/javax.activation-api/1.2.0/javax.activation-api-1.2.0.jar:/home/rfosgateii/.m2/repository/org/dom4j/dom4j/2.1.1/dom4j-2.1.1.jar:/home/rfosgateii/.m2/repository/org/hibernate/common/hibernate-commons-annotations/5.1.0.Final/hibernate-commons-annotations-5.1.0.Final.jar:/home/rfosgateii/.m2/repository/javax/xml/bind/jaxb-api/2.3.1/jaxb-api-2.3.1.jar:/home/rfosgateii/.m2/repository/org/glassfish/jaxb/jaxb-runtime/2.3.1/jaxb-runtime-2.3.1.jar:/home/rfosgateii/.m2/repository/org/glassfish/jaxb/txw2/2.3.1/txw2-2.3.1.jar:/home/rfosgateii/.m2/repository/com/sun/istack/istack-commons-runtime/3.0.7/istack-commons-runtime-3.0.7.jar:/home/rfosgateii/.m2/repository/org/jvnet/staxex/stax-ex/1.8/stax-ex-1.8.jar:/home/rfosgateii/.m2/repository/com/sun/xml/fastinfoset/FastInfoset/1.2.15/FastInfoset-1.2.15.jar:/home/rfosgateii/.m2/repository/org/postgresql/postgresql/42.2.0/postgresql-42.2.0.jar:/home/rfosgateii/.m2/repository/org/hibernate/hibernate-java8/5.3.7.Final/hibernate-java8-5.3.7.Final.jar:/home/rfosgateii/.m2/repository/org/junit/jupiter/junit-jupiter-engine/5.3.1/junit-jupiter-engine-5.3.1.jar:/home/rfosgateii/.m2/repository/org/apiguardian/apiguardian-api/1.0.0/apiguardian-api-1.0.0.jar:/home/rfosgateii/.m2/repository/org/junit/platform/junit-platform-engine/1.3.1/junit-platform-engine-1.3.1.jar:/home/rfosgateii/.m2/repository/org/junit/platform/junit-platform-commons/1.3.1/junit-platform-commons-1.3.1.jar:/home/rfosgateii/.m2/repository/org/opentest4j/opentest4j/1.1.1/opentest4j-1.1.1.jar:/home/rfosgateii/.m2/repository/org/junit/jupiter/junit-jupiter-api/5.3.1/junit-jupiter-api-5.3.1.jar:"/>
    <property name="java.vm.vendor" value="Private Build"/>
    <property name="sun.arch.data.model" value="64"/>
    <property name="java.vendor.url" value="http://java.oracle.com/"/>
    <property name="user.timezone" value=""/>
    <property name="java.vm.specification.version" value="1.8"/>
    <property name="os.name" value="Linux"/>
    <property name="user.country" value="PH"/>
    <property name="sun.java.launcher" value="SUN_STANDARD"/>
    <property name="sun.boot.library.path" value="/usr/lib/jvm/java-8-openjdk-amd64/jre/lib/amd64"/>
    <property name="sun.java.command" value="/home/rfosgateii/Desktop/Programs/hibernate/hibernate/services/target/surefire/surefirebooter5948042821746800522.jar /home/rfosgateii/Desktop/Programs/hibernate/hibernate/services/target/surefire 2019-10-09T17-27-56_803-jvmRun1 surefire776706398383861158tmp surefire_28533922833057708234tmp"/>
    <property name="surefire.test.class.path" value="/home/rfosgateii/Desktop/Programs/hibernate/hibernate/services/target/test-classes:/home/rfosgateii/Desktop/Programs/hibernate/hibernate/services/target/classes:/home/rfosgateii/.m2/repository/junit/junit/3.8.1/junit-3.8.1.jar:/home/rfosgateii/Desktop/Programs/hibernate/hibernate/models/target/classes:/home/rfosgateii/Desktop/Programs/hibernate/hibernate/utils/target/classes:/home/rfosgateii/.m2/repository/org/hibernate/hibernate-core/5.4.6.Final/hibernate-core-5.4.6.Final.jar:/home/rfosgateii/.m2/repository/org/jboss/logging/jboss-logging/3.3.2.Final/jboss-logging-3.3.2.Final.jar:/home/rfosgateii/.m2/repository/javax/persistence/javax.persistence-api/2.2/javax.persistence-api-2.2.jar:/home/rfosgateii/.m2/repository/org/javassist/javassist/3.24.0-GA/javassist-3.24.0-GA.jar:/home/rfosgateii/.m2/repository/net/bytebuddy/byte-buddy/1.9.11/byte-buddy-1.9.11.jar:/home/rfosgateii/.m2/repository/antlr/antlr/2.7.7/antlr-2.7.7.jar:/home/rfosgateii/.m2/repository/org/jboss/spec/javax/transaction/jboss-transaction-api_1.2_spec/1.1.1.Final/jboss-transaction-api_1.2_spec-1.1.1.Final.jar:/home/rfosgateii/.m2/repository/org/jboss/jandex/2.0.5.Final/jandex-2.0.5.Final.jar:/home/rfosgateii/.m2/repository/com/fasterxml/classmate/1.3.4/classmate-1.3.4.jar:/home/rfosgateii/.m2/repository/javax/activation/javax.activation-api/1.2.0/javax.activation-api-1.2.0.jar:/home/rfosgateii/.m2/repository/org/dom4j/dom4j/2.1.1/dom4j-2.1.1.jar:/home/rfosgateii/.m2/repository/org/hibernate/common/hibernate-commons-annotations/5.1.0.Final/hibernate-commons-annotations-5.1.0.Final.jar:/home/rfosgateii/.m2/repository/javax/xml/bind/jaxb-api/2.3.1/jaxb-api-2.3.1.jar:/home/rfosgateii/.m2/repository/org/glassfish/jaxb/jaxb-runtime/2.3.1/jaxb-runtime-2.3.1.jar:/home/rfosgateii/.m2/repository/org/glassfish/jaxb/txw2/2.3.1/txw2-2.3.1.jar:/home/rfosgateii/.m2/repository/com/sun/istack/istack-commons-runtime/3.0.7/istack-commons-runtime-3.0.7.jar:/home/rfosgateii/.m2/repository/org/jvnet/staxex/stax-ex/1.8/stax-ex-1.8.jar:/home/rfosgateii/.m2/repository/com/sun/xml/fastinfoset/FastInfoset/1.2.15/FastInfoset-1.2.15.jar:/home/rfosgateii/.m2/repository/org/postgresql/postgresql/42.2.0/postgresql-42.2.0.jar:/home/rfosgateii/.m2/repository/org/hibernate/hibernate-java8/5.3.7.Final/hibernate-java8-5.3.7.Final.jar:/home/rfosgateii/.m2/repository/org/junit/jupiter/junit-jupiter-engine/5.3.1/junit-jupiter-engine-5.3.1.jar:/home/rfosgateii/.m2/repository/org/apiguardian/apiguardian-api/1.0.0/apiguardian-api-1.0.0.jar:/home/rfosgateii/.m2/repository/org/junit/platform/junit-platform-engine/1.3.1/junit-platform-engine-1.3.1.jar:/home/rfosgateii/.m2/repository/org/junit/platform/junit-platform-commons/1.3.1/junit-platform-commons-1.3.1.jar:/home/rfosgateii/.m2/repository/org/opentest4j/opentest4j/1.1.1/opentest4j-1.1.1.jar:/home/rfosgateii/.m2/repository/org/junit/jupiter/junit-jupiter-api/5.3.1/junit-jupiter-api-5.3.1.jar:"/>
    <property name="sun.cpu.endian" value="little"/>
    <property name="user.home" value="/home/rfosgateii"/>
    <property name="user.language" value="en"/>
    <property name="java.specification.vendor" value="Oracle Corporation"/>
    <property name="java.home" value="/usr/lib/jvm/java-8-openjdk-amd64/jre"/>
    <property name="basedir" value="/home/rfosgateii/Desktop/Programs/hibernate/hibernate/services"/>
    <property name="file.separator" value="/"/>
    <property name="line.separator" value="&#10;"/>
    <property name="java.vm.specification.vendor" value="Oracle Corporation"/>
    <property name="java.specification.name" value="Java Platform API Specification"/>
    <property name="java.awt.graphicsenv" value="sun.awt.X11GraphicsEnvironment"/>
    <property name="surefire.real.class.path" value="/home/rfosgateii/Desktop/Programs/hibernate/hibernate/services/target/surefire/surefirebooter5948042821746800522.jar:/home/rfosgateii/.m2/repository/org/jacoco/org.jacoco.agent/0.8.2/org.jacoco.agent-0.8.2-runtime.jar"/>
    <property name="sun.boot.class.path" value="/usr/lib/jvm/java-8-openjdk-amd64/jre/lib/resources.jar:/usr/lib/jvm/java-8-openjdk-amd64/jre/lib/rt.jar:/usr/lib/jvm/java-8-openjdk-amd64/jre/lib/sunrsasign.jar:/usr/lib/jvm/java-8-openjdk-amd64/jre/lib/jsse.jar:/usr/lib/jvm/java-8-openjdk-amd64/jre/lib/jce.jar:/usr/lib/jvm/java-8-openjdk-amd64/jre/lib/charsets.jar:/usr/lib/jvm/java-8-openjdk-amd64/jre/lib/jfr.jar:/usr/lib/jvm/java-8-openjdk-amd64/jre/classes"/>
    <property name="sun.management.compiler" value="HotSpot 64-Bit Tiered Compilers"/>
    <property name="java.runtime.version" value="1.8.0_222-8u222-b10-1ubuntu1~16.04.1-b10"/>
    <property name="user.name" value="rfosgateii"/>
    <property name="path.separator" value=":"/>
    <property name="os.version" value="4.4.0-21-generic"/>
    <property name="java.endorsed.dirs" value="/usr/lib/jvm/java-8-openjdk-amd64/jre/lib/endorsed"/>
    <property name="java.runtime.name" value="OpenJDK Runtime Environment"/>
    <property name="file.encoding" value="UTF-8"/>
    <property name="java.vm.name" value="OpenJDK 64-Bit Server VM"/>
    <property name="localRepository" value="/home/rfosgateii/.m2/repository"/>
    <property name="java.vendor.url.bug" value="http://bugreport.sun.com/bugreport/"/>
    <property name="java.io.tmpdir" value="/tmp"/>
    <property name="java.version" value="1.8.0_222"/>
    <property name="user.dir" value="/home/rfosgateii/Desktop/Programs/hibernate/hibernate/services"/>
    <property name="os.arch" value="amd64"/>
    <property name="java.vm.specification.name" value="Java Virtual Machine Specification"/>
    <property name="java.awt.printerjob" value="sun.print.PSPrinterJob"/>
    <property name="sun.os.patch.level" value="unknown"/>
    <property name="java.library.path" value="/usr/java/packages/lib/amd64:/usr/lib/x86_64-linux-gnu/jni:/lib/x86_64-linux-gnu:/usr/lib/x86_64-linux-gnu:/usr/lib/jni:/lib:/usr/lib"/>
    <property name="java.vm.info" value="mixed mode"/>
    <property name="java.vendor" value="Private Build"/>
    <property name="java.vm.version" value="25.222-b10"/>
    <property name="java.ext.dirs" value="/usr/lib/jvm/java-8-openjdk-amd64/jre/lib/ext:/usr/java/packages/lib/ext"/>
    <property name="sun.io.unicode.encoding" value="UnicodeLittle"/>
    <property name="java.class.version" value="52.0"/>
  </properties>
  <testcase name="testGenerateDateOfBirth" classname="com.ecc.app.GeneratorServiceTest" time="0.06"/>
  <testcase name="testGenerateCurrentlyEmployed" classname="com.ecc.app.GeneratorServiceTest" time="0.002"/>
  <testcase name="testGenerateName" classname="com.ecc.app.GeneratorServiceTest" time="0.005"/>
  <testcase name="testGenerateRole" classname="com.ecc.app.GeneratorServiceTest" time="0.002"/>
  <testcase name="testGenerateRoles" classname="com.ecc.app.GeneratorServiceTest" time="0.002"/>
  <testcase name="testGenerateAddress" classname="com.ecc.app.GeneratorServiceTest" time="0.004"/>
  <testcase name="testGenerateId" classname="com.ecc.app.GeneratorServiceTest" time="0.004"/>
  <testcase name="testGenerateDateHired" classname="com.ecc.app.GeneratorServiceTest" time="0.003"/>
  <testcase name="testGenerateGwa" classname="com.ecc.app.GeneratorServiceTest" time="0.004"/>
  <testcase name="testGeneratePerson" classname="com.ecc.app.GeneratorServiceTest" time="0.051"/>
  <testcase name="testGenerateContact" classname="com.ecc.app.GeneratorServiceTest" time="0.01"/>
</testsuite>